2022-10-25T13:28:21.734Z - info: [ui] [AppStore] loading 0 repositories from store
2022-10-25T13:28:21.781Z - info: [ui] [Welcome] no sign in step found. ignoring...
2022-10-25T13:28:21.807Z - info: [ui] launching: 3.1.1-linux1 (Linux 5.19.13-arch1-1)
2022-10-25T13:28:21.809Z - info: [ui] execPath: '/opt/github-desktop/github-desktop'
2022-10-25T13:28:21.810Z - info: [ui] [Welcome] no sign in step found. ignoring...
2022-10-25T13:28:21.812Z - info: [ui] Opt in reported.
2022-10-25T13:28:21.830Z - info: [ui] [Welcome] no sign in step found. ignoring...
2022-10-25T13:28:24.615Z - info: [ui] [Welcome] advancing to step: SignInToDotComWithBrowser
2022-10-25T13:28:24.618Z - info: [ui] [SignInStore] initializing OAuth flow
2022-10-25T13:28:24.628Z - info: [main] opening in browser: https://github.com/login/oauth/authorize?client_id=3a723b10ac5575cc5bb9&scope=repo%20user%20workflow&state=f1388de5-0c0f-4528-a5b0-28a57f1d1b36
2022-10-25T13:28:24.630Z - info: [ui] [Welcome] current sign in state not found. ignoring...
2022-10-25T13:28:25.630Z - info: [ui] [Welcome] kind Authentication is the same as Authentication. ignoring...
2022-10-25T13:28:29.162Z - info: [ui] [Welcome] kind Authentication is the same as Authentication. ignoring...
2022-10-25T13:28:29.336Z - info: [ui] [Welcome] kind Authentication is the same as Authentication. ignoring...
2022-10-25T13:28:29.428Z - info: [ui] [Welcome] kind Authentication is the same as Authentication. ignoring...
2022-10-25T13:28:29.548Z - info: [ui] [Welcome] kind Authentication is the same as Authentication. ignoring...
2022-10-25T13:28:33.705Z - info: [main] Received possible protocol arguments: 4
2022-10-25T13:28:33.705Z - info: [main] Processing protocol url
2022-10-25T13:28:33.713Z - info: [ui] [Dispatcher] requesting authenticated user
2022-10-25T13:28:33.714Z - info: [ui] [Welcome] kind Authentication is the same as Authentication. ignoring...
2022-10-25T13:28:33.724Z - info: [ui] [Welcome] kind Authentication is the same as Authentication. ignoring...
2022-10-25T13:28:34.189Z - info: [ui] [SignInStore] account resolved
2022-10-25T13:28:34.191Z - info: [ui] [AppStore] adding account MysteryLiezer (Reggy Elizer) to store
2022-10-25T13:28:34.192Z - info: [ui] [Welcome] advancing to step: ConfigureGit
2022-10-25T13:28:34.253Z - info: [ui] [Welcome] no sign in step found. ignoring...
2022-10-25T13:28:34.393Z - info: [ui] Subscribed 'MysteryLiezer' to Alive channel
2022-10-25T13:28:34.417Z - info: [ui] [Welcome] no sign in step found. ignoring...
2022-10-25T13:28:36.341Z - info: [ui] [Welcome] no sign in step found. ignoring...
2022-10-25T13:28:36.357Z - info: [ui] [Welcome] no sign in step found. ignoring...
2022-10-25T13:28:41.005Z - info: [ui] [Welcome] no sign in step found. ignoring...
2022-10-25T13:28:41.538Z - info: [ui] [Welcome] no sign in step found. ignoring...
2022-10-25T13:30:11.247Z - info: [ui] [AppStore.getAccountForRemoteURL] account found for remote: https://github.com/MysteryLiezer/HonestCalculator.git - MysteryLiezer (has token)
2022-10-25T13:30:11.564Z - info: [ui] [AppStore] adding repository at /home/farhan/Documents/GitHub/HonestCalculator to store
2022-10-25T13:30:18.668Z - info: [ui] [AppStore.withAuthenticatingUser] account found for repository: HonestCalculator - MysteryLiezer (has token)
2022-10-25T13:30:19.080Z - info: [ui] [RepositoryIndicatorUpdater]: Refreshing sidebar indicators for 1 repositories took 0.5s of which 0.0s paused, total 0.5s
