2022-11-01 00:30:24 INFO [electron]   "before-quit"
2022-11-01 00:30:24 INFO [electron]   "mainWindow-close"
2022-11-01 00:40:10 INFO [electron]   "init store"
2022-11-01 00:40:10 INFO [electron]   "init request"
2022-11-01 00:40:10 INFO [electron]   "init i18n"
2022-11-01 00:40:10 INFO [electron]   {"updater":{"downloadUrl":"https://appest-public.s3.amazonaws.com/download/linux/","delay":2000,"interval":600000},"apk_version":"1.0.40","product_mode":true,"package_mode":false,"product_name":"TickTick","is_cn_site":false,"cdn_domain":"d3qg9zffrnl4ph.cloudfront.net/web","site_domain":"ticktick.com","ex_api_domain":"ext.ticktick.com","brother_product_name":"滴答清单","brother_site_domain":"dida365.com","api_domain":"api.ticktick.com","cookie_domain":".ticktick.com","protocol":"https://","help_domain":"help.ticktick.com","support_api_domain":"ticket.ticktick.com","deploy_path":"/task/src/main/webapp/static/deploy","version":"1040"}
2022-11-01 00:40:10 INFO [electron]   {"platform":"electron","os":"linux","device":"Linux x64","name":"dmt","version":"1040","id":"63608151ee61fb62608ffc7c","channel":"website","campaign":"","websocket":""}
2022-11-01 00:40:10 INFO [electron]   "init main window"
2022-11-01 00:40:10 INFO [electron]   "init"
2022-11-01 00:40:10 INFO [electron]   "init menu"
2022-11-01 00:40:10 INFO [electron]   "init update service"
2022-11-01 00:40:10 INFO [electron]   "init notification"
2022-11-01 00:40:10 INFO [electron]   "init tray"
2022-11-01 00:40:10 INFO [electron]   "fetch get begin https://api.ticktick.com/api/v2/user/profile"
2022-11-01 00:40:10 INFO [electron]   "token 0CAB80045A64122BD9CDE7E2AF23A4C0378814C0D48E59FA12E0DD63ECD36822AF8A580030103332287FB0C8EB3B2559109EB7146253CF3762ECC25F5E436FC36992758371E57ECC7EA330360648312D8E6D7F53522BD2D4207AAD4B16A580212EEE3E7ED8F94A273423C20907144C65711F9CAEDB907858B898E74C13275B4F2EEE3E7ED8F94A273D2DDFD7420434405B4A118C86FA4408A56ACE3471928BDFF7067BB95A1CFBF158405ECCA2B1AE9821B10617E99B771F"
2022-11-01 00:40:10 INFO [electron]   "token 0CAB80045A64122BD9CDE7E2AF23A4C0378814C0D48E59FA12E0DD63ECD36822AF8A580030103332287FB0C8EB3B2559109EB7146253CF3762ECC25F5E436FC36992758371E57ECC7EA330360648312D8E6D7F53522BD2D4207AAD4B16A580212EEE3E7ED8F94A273423C20907144C65711F9CAEDB907858B898E74C13275B4F2EEE3E7ED8F94A273D2DDFD7420434405B4A118C86FA4408A56ACE3471928BDFF7067BB95A1CFBF158405ECCA2B1AE9821B10617E99B771F"
2022-11-01 00:40:10 INFO [electron]   "launchLogin main"
2022-11-01 00:40:10 INFO [electron]   "fetch get begin https://api.ticktick.com/api/v2/user/status"
2022-11-01 00:40:10 INFO [electron]   "token 0CAB80045A64122BD9CDE7E2AF23A4C0378814C0D48E59FA12E0DD63ECD36822AF8A580030103332287FB0C8EB3B2559109EB7146253CF3762ECC25F5E436FC36992758371E57ECC7EA330360648312D8E6D7F53522BD2D4207AAD4B16A580212EEE3E7ED8F94A273423C20907144C65711F9CAEDB907858B898E74C13275B4F2EEE3E7ED8F94A273D2DDFD7420434405B4A118C86FA4408A56ACE3471928BDFF7067BB95A1CFBF158405ECCA2B1AE9821B10617E99B771F"
2022-11-01 00:40:10 INFO [electron]   "globalUser {\"inboxId\":\"inbox120264518\",\"username\":\"reggyelizer@gmail.com\",\"pro\":true,\"teamUser\":false,\"ds\":false,\"proEndDate\":\"2022-11-20T19:21:26.000+0000\",\"userId\":\"120264518\"}"
2022-11-01 00:40:10 INFO [electron]   "locale en_US"
2022-11-01 00:40:10 INFO [electron]   {"id":"63608151ee61fb62608ffc7c","platform":"electron","ver":"1040","channel":"website","os":"linux","osv":"","device":"Linux x64","name":"dmt","campaign":"","websocket":"","ctime":"2022-11-01T04:40:10.000+0000","atime":"2022-11-01T04:40:10.000+0000","userCode":"ebc8b9bca92c425da87c699bc8631628","hl":"en_US","tz":"America/New_York","locale":"en-US"}
2022-11-01 00:40:10 INFO [electron]   "fetch post begin https://xapi.ticktick.com/datacollect/event/push"
2022-11-01 00:40:10 INFO [electron]   "token 0CAB80045A64122BD9CDE7E2AF23A4C0378814C0D48E59FA12E0DD63ECD36822AF8A580030103332287FB0C8EB3B2559109EB7146253CF3762ECC25F5E436FC36992758371E57ECC7EA330360648312D8E6D7F53522BD2D4207AAD4B16A580212EEE3E7ED8F94A273423C20907144C65711F9CAEDB907858B898E74C13275B4F2EEE3E7ED8F94A273D2DDFD7420434405B4A118C86FA4408A56ACE3471928BDFF7067BB95A1CFBF158405ECCA2B1AE9821B10617E99B771F"
2022-11-01 00:40:10 INFO [electron]   "get end https://api.ticktick.com/api/v2/user/profile"
2022-11-01 00:40:10 INFO [electron]   "update userInfo {\"inboxId\":\"inbox120264518\",\"username\":\"reggyelizer@gmail.com\",\"pro\":true,\"teamUser\":false,\"ds\":false,\"proEndDate\":\"2022-11-20T19:21:26.000+0000\",\"userId\":\"120264518\"}"
2022-11-01 00:40:10 INFO [electron]   "get end https://api.ticktick.com/api/v2/user/status"
2022-11-01 00:40:10 INFO [electron]   "post end https://xapi.ticktick.com/datacollect/event/push"
2022-11-01 00:40:11 INFO [electron]   "main-dom-ready"
2022-11-01 00:40:12 INFO [electron]   "update check"
2022-11-01 00:40:12 INFO [electron]   "fetch getFile begin https://pull.ticktick.com/linux/release_note.json?timeStamp=1667277612214"
2022-11-01 00:40:12 INFO [electron]   "getFile end https://pull.ticktick.com/linux/release_note.json?timeStamp=1667277612214"
2022-11-01 00:44:14 INFO [electron]   "mainWindow-close"
2022-11-01 00:44:14 INFO [electron]   "dumpEndddddd"
2022-11-01 00:44:14 INFO [electron]   "window-all-closed"
2022-11-01 00:44:14 INFO [electron]   "before-quit"
2022-11-01 00:44:14 INFO [electron]   "will-quit"
2022-11-01 00:44:14 INFO [electron]   "quittttt"
2022-11-01 00:44:19 INFO [electron]   "init store"
2022-11-01 00:44:19 INFO [electron]   "init request"
2022-11-01 00:44:19 INFO [electron]   "init i18n"
2022-11-01 00:44:19 INFO [electron]   {"updater":{"downloadUrl":"https://appest-public.s3.amazonaws.com/download/linux/","delay":2000,"interval":600000},"apk_version":"1.0.40","product_mode":true,"package_mode":false,"product_name":"TickTick","is_cn_site":false,"cdn_domain":"d3qg9zffrnl4ph.cloudfront.net/web","site_domain":"ticktick.com","ex_api_domain":"ext.ticktick.com","brother_product_name":"滴答清单","brother_site_domain":"dida365.com","api_domain":"api.ticktick.com","cookie_domain":".ticktick.com","protocol":"https://","help_domain":"help.ticktick.com","support_api_domain":"ticket.ticktick.com","deploy_path":"/task/src/main/webapp/static/deploy","version":"1040"}
2022-11-01 00:44:19 INFO [electron]   {"platform":"electron","os":"linux","device":"Linux x64","name":"dmt","version":"1040","id":"63608151ee61fb62608ffc7c","channel":"website","campaign":"","websocket":""}
2022-11-01 00:44:19 INFO [electron]   "init main window"
2022-11-01 00:44:19 INFO [electron]   "init"
2022-11-01 00:44:19 INFO [electron]   "init menu"
2022-11-01 00:44:19 INFO [electron]   "init update service"
2022-11-01 00:44:19 INFO [electron]   "init notification"
2022-11-01 00:44:19 INFO [electron]   "init tray"
2022-11-01 00:44:19 INFO [electron]   "fetch get begin https://api.ticktick.com/api/v2/user/profile"
2022-11-01 00:44:19 INFO [electron]   "token 0CAB80045A64122BD9CDE7E2AF23A4C0378814C0D48E59FA12E0DD63ECD36822AF8A580030103332287FB0C8EB3B2559109EB7146253CF3762ECC25F5E436FC36992758371E57ECC7EA330360648312D8E6D7F53522BD2D4207AAD4B16A580212EEE3E7ED8F94A273423C20907144C65711F9CAEDB907858B898E74C13275B4F2EEE3E7ED8F94A273D2DDFD7420434405B4A118C86FA4408A56ACE3471928BDFF7067BB95A1CFBF158405ECCA2B1AE9821B10617E99B771F"
2022-11-01 00:44:19 INFO [electron]   "token 0CAB80045A64122BD9CDE7E2AF23A4C0378814C0D48E59FA12E0DD63ECD36822AF8A580030103332287FB0C8EB3B2559109EB7146253CF3762ECC25F5E436FC36992758371E57ECC7EA330360648312D8E6D7F53522BD2D4207AAD4B16A580212EEE3E7ED8F94A273423C20907144C65711F9CAEDB907858B898E74C13275B4F2EEE3E7ED8F94A273D2DDFD7420434405B4A118C86FA4408A56ACE3471928BDFF7067BB95A1CFBF158405ECCA2B1AE9821B10617E99B771F"
2022-11-01 00:44:19 INFO [electron]   "launchLogin main"
2022-11-01 00:44:19 INFO [electron]   "fetch get begin https://api.ticktick.com/api/v2/user/status"
2022-11-01 00:44:19 INFO [electron]   "token 0CAB80045A64122BD9CDE7E2AF23A4C0378814C0D48E59FA12E0DD63ECD36822AF8A580030103332287FB0C8EB3B2559109EB7146253CF3762ECC25F5E436FC36992758371E57ECC7EA330360648312D8E6D7F53522BD2D4207AAD4B16A580212EEE3E7ED8F94A273423C20907144C65711F9CAEDB907858B898E74C13275B4F2EEE3E7ED8F94A273D2DDFD7420434405B4A118C86FA4408A56ACE3471928BDFF7067BB95A1CFBF158405ECCA2B1AE9821B10617E99B771F"
2022-11-01 00:44:19 INFO [electron]   "globalUser {\"inboxId\":\"inbox120264518\",\"username\":\"reggyelizer@gmail.com\",\"pro\":true,\"teamUser\":false,\"ds\":false,\"proEndDate\":\"2022-11-20T19:21:26.000+0000\",\"userId\":\"120264518\"}"
2022-11-01 00:44:19 INFO [electron]   "locale en_US"
2022-11-01 00:44:19 INFO [electron]   "update userInfo {\"inboxId\":\"inbox120264518\",\"username\":\"reggyelizer@gmail.com\",\"pro\":true,\"teamUser\":false,\"ds\":false,\"proEndDate\":\"2022-11-20T19:21:26.000+0000\",\"userId\":\"120264518\"}"
2022-11-01 00:44:19 INFO [electron]   {"id":"63608151ee61fb62608ffc7c","platform":"electron","ver":"1040","channel":"website","os":"linux","osv":"","device":"Linux x64","name":"dmt","campaign":"","websocket":"","ctime":"2022-11-01T04:44:19.000+0000","atime":"2022-11-01T04:44:19.000+0000","userCode":"ebc8b9bca92c425da87c699bc8631628","hl":"en_US","tz":"America/New_York","locale":"en-US"}
2022-11-01 00:44:19 INFO [electron]   "fetch post begin https://xapi.ticktick.com/datacollect/event/push"
2022-11-01 00:44:19 INFO [electron]   "token 0CAB80045A64122BD9CDE7E2AF23A4C0378814C0D48E59FA12E0DD63ECD36822AF8A580030103332287FB0C8EB3B2559109EB7146253CF3762ECC25F5E436FC36992758371E57ECC7EA330360648312D8E6D7F53522BD2D4207AAD4B16A580212EEE3E7ED8F94A273423C20907144C65711F9CAEDB907858B898E74C13275B4F2EEE3E7ED8F94A273D2DDFD7420434405B4A118C86FA4408A56ACE3471928BDFF7067BB95A1CFBF158405ECCA2B1AE9821B10617E99B771F"
2022-11-01 00:44:19 INFO [electron]   "get end https://api.ticktick.com/api/v2/user/status"
2022-11-01 00:44:19 INFO [electron]   "get end https://api.ticktick.com/api/v2/user/profile"
2022-11-01 00:44:19 INFO [electron]   "post end https://xapi.ticktick.com/datacollect/event/push"
2022-11-01 00:44:20 INFO [electron]   "main-dom-ready"
2022-11-01 00:44:21 INFO [electron]   "update check"
2022-11-01 00:44:21 INFO [electron]   "fetch getFile begin https://pull.ticktick.com/linux/release_note.json?timeStamp=1667277861416"
2022-11-01 00:44:21 INFO [electron]   "getFile end https://pull.ticktick.com/linux/release_note.json?timeStamp=1667277861416"
2022-11-01 02:13:17 INFO [electron]   "before-quit"
2022-11-01 02:13:17 INFO [electron]   "mainWindow-close"
